Parse/build/outputs/logs/manifest-merger-debug-report.txt
-- Merging decision tree log ---
manifest
ADDED from src/main/AndroidManifest.xml:10:1-23:12
INJECTED from src/main/AndroidManifest.xml:10:1-23:12
INJECTED from src/main/AndroidManifest.xml:10:1-23:12
INJECTED from src/main/AndroidManifest.xml:10:1-23:12
INJECTED from src/main/AndroidManifest.xml:10:1-23:12
INJECTED from src/main/AndroidManifest.xml:10:1-23:12
INJECTED from src/main/AndroidManifest.xml:10:1-23:12
	package
		ADDED from src/main/AndroidManifest.xml:11:11-30
		INJECTED from src/main/AndroidManifest.xml
		INJECTED from src/main/AndroidManifest.xml
	android:versionName
		INJECTED from src/main/AndroidManifest.xml
		ADDED from src/main/AndroidManifest.xml:10:1-23:12
		INJECTED from src/main/AndroidManifest.xml
	android:versionCode
		INJECTED from src/main/AndroidManifest.xml
		ADDED from src/main/AndroidManifest.xml:10:1-23:12
		INJECTED from src/main/AndroidManifest.xml
	xmlns:android
		ADDED from src/main/AndroidManifest.xml:10:11-69
uses-permission#android.permission.INTERNET
ADDED from src/main/AndroidManifest.xml:13:5-66
	android:name
		ADDED from src/main/AndroidManifest.xml:13:22-64
uses-permission#android.permission.ACCESS_NETWORK_STATE
ADDED from src/main/AndroidManifest.xml:14:5-78
	android:name
		ADDED from src/main/AndroidManifest.xml:14:22-76
application
ADDED from src/main/AndroidManifest.xml:16:5-21:19
service#com.parse.PushServiceApi26
ADDED from src/main/AndroidManifest.xml:17:9-20:38
	android:exported
		ADDED from src/main/AndroidManifest.xml:20:13-36
	android:permission
		ADDED from src/main/AndroidManifest.xml:19:13-69
	android:name
		ADDED from src/main/AndroidManifest.xml:18:13-45
uses-sdk
INJECTED from src/main/AndroidManifest.xml reason: use-sdk injection requested
INJECTED from src/main/AndroidManifest.xml
INJECTED from src/main/AndroidManifest.xml
INJECTED from src/main/AndroidManifest.xml
INJECTED from src/main/AndroidManifest.xml
	android:targetSdkVersion
		INJECTED from src/main/AndroidManifest.xml
		ADDED from src/main/AndroidManifest.xml
		INJECTED from src/main/AndroidManifest.xml
	android:minSdkVersion
		INJECTED from src/main/AndroidManifest.xml
		ADDED from src/main/AndroidManifest.xml
		INJECTED from src/main/AndroidManifest.xml